### [pybash-0.0.5]
### [sys.argv] ./pybash.py --single-line --add-dt --log-stdout

### ---------------
### [ command]
echo "### verbose mode, pure bash"
### 
### [  stdout]
### ### verbose mode, pure bash
### ---------------

### ---------------
### [ command]
{ echo echo some_cmd; echo echo some_other_cmd; } | tee some_script.sh
### 
### [  stdout]
### echo some_cmd
### echo some_other_cmd
### ---------------

### ---------------
### [ command]
pybash < some_script.sh > some_script.sh.log --log-stdout
### 
### [  stdout]
### ---------------

### ---------------
### [ command]
pybash -c "echo some_cmd; echo some_other_cmd" --single-line --log-stdout
### 
### [  stdout]
### ### [pybash-0.0.5]
### ### [sys.argv] /home/user/.local/bin/pybash -c echo some_cmd; echo some_other_cmd --single-line --log-stdout
### 
### ### ---------------
### ### [ command]
### echo some_cmd; echo some_other_cmd
### ### 
### ### [  stdout]
### ### some_cmd
### ### some_other_cmd
### ### ---------------
### ---------------

### ---------------
### [ command]
echo "### mixing python and bash"
### 
### [  stdout]
### ### mixing python and bash
### ---------------

### ---------------
### [ command]
{{some_python_string}} =  ls -1 | head -n3

### ---------------
### [ command]
{{some_python_list}}   = {{some_python_string.splitlines()}}

### ---------------
### [ command]
some_shell_file        = {{ some_python_list[2]}}
### 
### [  stdout]
### ---------------

### ---------------
### [ command]
some_other_path        = $( realpath $some_shell_file )
### 
### [  stdout]
### ---------------

### ---------------
### [ command]
{{import os; import sys;}}

### ---------------
### [ command]
echo "{{sys.version_info}}"
### 
### [  stdout]
### sys.version_info(major=3, minor=5, micro=2, releaselevel='final', serial=0)
### ---------------

### ---------------
### [ command]
{{url}} = echo "http://example.com"

### ---------------
### [ command]
curl --head {{url}}
### 
### [  stdout]
### HTTP/1.1 200 OK
### Content-Encoding: gzip
### Accept-Ranges: bytes
### Age: 603694
### Cache-Control: max-age=604800
### Content-Type: text/html; charset=UTF-8
### Date: Thu, 19 Mar 2020 14:49:09 GMT
### Etag: "3147526947"
### Expires: Thu, 26 Mar 2020 14:49:09 GMT
### Last-Modified: Thu, 17 Oct 2019 07:18:26 GMT
### Server: ECS (sjc/4E71)
### X-Cache: HIT
### Content-Length: 648
### 
### ---------------

### ---------------
### [ command]
echo "[done]"
### 
### [  stdout]
### [done]
### ---------------
